# JRE version: OpenJDK Runtime Environment (11.0.15) (build 11.0.15+0-b2043.56-9505619)
# Java VM: OpenJDK 64-Bit Server VM (11.0.15+0-b2043.56-9505619, mixed mode, tiered, compressed oops, g1 gc, windows-amd64)
Heap:
 garbage-first heap   total 198656K, used 123745K [0x00000000a0000000, 0x0000000100000000)
  region size 1024K, 7 young (7168K), 4 survivors (4096K)
 Metaspace       used 82863K, capacity 86408K, committed 86608K, reserved 1124352K
  class space    used 10774K, capacity 11994K, committed 12032K, reserved 1048576K
GC Heap History (20 events):
Event: 35.032 GC heap before
{Heap before GC invocations=38 (full 0):
 garbage-first heap   total 131072K, used 109921K [0x00000000a0000000, 0x0000000100000000)
  region size 1024K, 22 young (22528K), 3 survivors (3072K)
 Metaspace       used 79215K, capacity 81556K, committed 81744K, reserved 1120256K
  class space    used 10252K, capacity 11138K, committed 11264K, reserved 1048576K
}
Event: 35.044 GC heap after
{Heap after GC invocations=39 (full 0):
 garbage-first heap   total 131072K, used 92008K [0x00000000a0000000, 0x0000000100000000)
  region size 1024K, 2 young (2048K), 2 survivors (2048K)
 Metaspace       used 79215K, capacity 81556K, committed 81744K, reserved 1120256K
  class space    used 10252K, capacity 11138K, committed 11264K, reserved 1048576K
}
Event: 35.162 GC heap before
{Heap before GC invocations=39 (full 0):
 garbage-first heap   total 131072K, used 111464K [0x00000000a0000000, 0x0000000100000000)
  region size 1024K, 21 young (21504K), 2 survivors (2048K)
 Metaspace       used 79316K, capacity 81753K, committed 82000K, reserved 1120256K
  class space    used 10268K, capacity 11182K, committed 11264K, reserved 1048576K
}
Event: 35.175 GC heap after
{Heap after GC invocations=40 (full 0):
 garbage-first heap   total 164864K, used 92179K [0x00000000a0000000, 0x0000000100000000)
  region size 1024K, 2 young (2048K), 2 survivors (2048K)
 Metaspace       used 79316K, capacity 81753K, committed 82000K, reserved 1120256K
  class space    used 10268K, capacity 11182K, committed 11264K, reserved 1048576K
}
Event: 36.311 GC heap before
{Heap before GC invocations=41 (full 0):
 garbage-first heap   total 164864K, used 126995K [0x00000000a0000000, 0x0000000100000000)
  region size 1024K, 36 young (36864K), 2 survivors (2048K)
 Metaspace       used 80181K, capacity 82624K, committed 82896K, reserved 1120256K
  class space    used 10387K, capacity 11322K, committed 11392K, reserved 1048576K
}
Event: 36.317 GC heap after
{Heap after GC invocations=42 (full 0):
 garbage-first heap   total 164864K, used 94372K [0x00000000a0000000, 0x0000000100000000)
  region size 1024K, 4 young (4096K), 4 survivors (4096K)
 Metaspace       used 80181K, capacity 82624K, committed 82896K, reserved 1120256K
  class space    used 10387K, capacity 11322K, committed 11392K, reserved 1048576K
}
Event: 36.428 GC heap before
{Heap before GC invocations=42 (full 0):
 garbage-first heap   total 164864K, used 96420K [0x00000000a0000000, 0x0000000100000000)
  region size 1024K, 7 young (7168K), 4 survivors (4096K)
 Metaspace       used 80238K, capacity 82884K, committed 83152K, reserved 1122304K
  class space    used 10389K, capacity 11324K, committed 11392K, reserved 1048576K
}
Event: 36.446 GC heap after
{Heap after GC invocations=43 (full 0):
 garbage-first heap   total 164864K, used 95081K [0x00000000a0000000, 0x0000000100000000)
  region size 1024K, 4 young (4096K), 4 survivors (4096K)
 Metaspace       used 80238K, capacity 82884K, committed 83152K, reserved 1122304K
  class space    used 10389K, capacity 11324K, committed 11392K, reserved 1048576K
}
Event: 36.810 GC heap before
{Heap before GC invocations=44 (full 0):
 garbage-first heap   total 164864K, used 97129K [0x00000000a0000000, 0x0000000100000000)
  region size 1024K, 6 young (6144K), 4 survivors (4096K)
 Metaspace       used 80238K, capacity 82884K, committed 83152K, reserved 1122304K
  class space    used 10389K, capacity 11324K, committed 11392K, reserved 1048576K
}
Event: 36.827 GC heap after
{Heap after GC invocations=45 (full 0):
 garbage-first heap   total 164864K, used 96802K [0x00000000a0000000, 0x0000000100000000)
  region size 1024K, 2 young (2048K), 2 survivors (2048K)
 Metaspace       used 80238K, capacity 82884K, committed 83152K, reserved 1122304K
  class space    used 10389K, capacity 11324K, committed 11392K, reserved 1048576K
}
Event: 38.230 GC heap before
{Heap before GC invocations=46 (full 0):
 garbage-first heap   total 164864K, used 126498K [0x00000000a0000000, 0x0000000100000000)
  region size 1024K, 29 young (29696K), 2 survivors (2048K)
 Metaspace       used 81374K, capacity 83984K, committed 84048K, reserved 1122304K
  class space    used 10567K, capacity 11513K, committed 11520K, reserved 1048576K
}
Event: 38.241 GC heap after
{Heap after GC invocations=47 (full 0):
 garbage-first heap   total 164864K, used 103310K [0x00000000a0000000, 0x0000000100000000)
  region size 1024K, 4 young (4096K), 4 survivors (4096K)
 Metaspace       used 81374K, capacity 83984K, committed 84048K, reserved 1122304K
  class space    used 10567K, capacity 11513K, committed 11520K, reserved 1048576K
}
Event: 38.397 GC heap before
{Heap before GC invocations=47 (full 0):
 garbage-first heap   total 164864K, used 108430K [0x00000000a0000000, 0x0000000100000000)
  region size 1024K, 10 young (10240K), 4 survivors (4096K)
 Metaspace       used 81446K, capacity 84117K, committed 84432K, reserved 1122304K
  class space    used 10578K, capacity 11556K, committed 11648K, reserved 1048576K
}
Event: 38.412 GC heap after
{Heap after GC invocations=48 (full 0):
 garbage-first heap   total 164864K, used 104331K [0x00000000a0000000, 0x0000000100000000)
  region size 1024K, 1 young (1024K), 1 survivors (1024K)
 Metaspace       used 81446K, capacity 84117K, committed 84432K, reserved 1122304K
  class space    used 10578K, capacity 11556K, committed 11648K, reserved 1048576K
}
Event: 39.149 GC heap before
{Heap before GC invocations=49 (full 0):
 garbage-first heap   total 164864K, used 126859K [0x00000000a0000000, 0x0000000100000000)
  region size 1024K, 21 young (21504K), 1 survivors (1024K)
 Metaspace       used 81610K, capacity 84380K, committed 84432K, reserved 1122304K
  class space    used 10596K, capacity 11598K, committed 11648K, reserved 1048576K
}
Event: 39.159 GC heap after
{Heap after GC invocations=50 (full 0):
 garbage-first heap   total 164864K, used 110852K [0x00000000a0000000, 0x0000000100000000)
  region size 1024K, 3 young (3072K), 3 survivors (3072K)
 Metaspace       used 81610K, capacity 84380K, committed 84432K, reserved 1122304K
  class space    used 10596K, capacity 11598K, committed 11648K, reserved 1048576K
}
Event: 39.773 GC heap before
{Heap before GC invocations=50 (full 0):
 garbage-first heap   total 164864K, used 128260K [0x00000000a0000000, 0x0000000100000000)
  region size 1024K, 21 young (21504K), 3 survivors (3072K)
 Metaspace       used 82106K, capacity 85173K, committed 85328K, reserved 1122304K
  class space    used 10669K, capacity 11733K, committed 11776K, reserved 1048576K
}
Event: 39.793 GC heap after
{Heap after GC invocations=51 (full 0):
 garbage-first heap   total 164864K, used 114688K [0x00000000a0000000, 0x0000000100000000)
  region size 1024K, 3 young (3072K), 3 survivors (3072K)
 Metaspace       used 82106K, capacity 85173K, committed 85328K, reserved 1122304K
  class space    used 10669K, capacity 11733K, committed 11776K, reserved 1048576K
}
Event: 40.305 GC heap before
{Heap before GC invocations=52 (full 0):
 garbage-first heap   total 164864K, used 132096K [0x00000000a0000000, 0x0000000100000000)
  region size 1024K, 20 young (20480K), 3 survivors (3072K)
 Metaspace       used 82459K, capacity 85672K, committed 85968K, reserved 1124352K
  class space    used 10713K, capacity 11830K, committed 11904K, reserved 1048576K
}
Event: 40.320 GC heap after
{Heap after GC invocations=53 (full 0):
 garbage-first heap   total 198656K, used 117918K [0x00000000a0000000, 0x0000000100000000)
  region size 1024K, 3 young (3072K), 3 survivors (3072K)
 Metaspace       used 82459K, capacity 85672K, committed 85968K, reserved 1124352K
  class space    used 10713K, capacity 11830K, committed 11904K, reserved 1048576K
}

