# JRE version: OpenJDK Runtime Environment (11.0.15) (build 11.0.15+0-b2043.56-9505619)
# Java VM: OpenJDK 64-Bit Server VM (11.0.15+0-b2043.56-9505619, mixed mode, tiered, compressed oops, g1 gc, windows-amd64)
Heap:
 garbage-first heap   total 131072K, used 25099K [0x00000000a0000000, 0x0000000100000000)
  region size 1024K, 10 young (10240K), 3 survivors (3072K)
 Metaspace       used 26306K, capacity 26906K, committed 27056K, reserved 1073152K
  class space    used 3368K, capacity 3576K, committed 3584K, reserved 1048576K
GC Heap History (8 events):
Event: 1.741 GC heap before
{Heap before GC invocations=0 (full 0):
 garbage-first heap   total 131072K, used 29696K [0x00000000a0000000, 0x0000000100000000)
  region size 1024K, 24 young (24576K), 0 survivors (0K)
 Metaspace       used 9803K, capacity 9968K, committed 10112K, reserved 1058816K
  class space    used 1004K, capacity 1069K, committed 1152K, reserved 1048576K
}
Event: 1.749 GC heap after
{Heap after GC invocations=1 (full 0):
 garbage-first heap   total 131072K, used 9149K [0x00000000a0000000, 0x0000000100000000)
  region size 1024K, 3 young (3072K), 3 survivors (3072K)
 Metaspace       used 9803K, capacity 9968K, committed 10112K, reserved 1058816K
  class space    used 1004K, capacity 1069K, committed 1152K, reserved 1048576K
}
Event: 6.585 GC heap before
{Heap before GC invocations=1 (full 0):
 garbage-first heap   total 131072K, used 84925K [0x00000000a0000000, 0x0000000100000000)
  region size 1024K, 76 young (77824K), 3 survivors (3072K)
 Metaspace       used 18418K, capacity 18794K, committed 19072K, reserved 1067008K
  class space    used 2168K, capacity 2309K, committed 2432K, reserved 1048576K
}
Event: 6.599 GC heap after
{Heap after GC invocations=2 (full 0):
 garbage-first heap   total 131072K, used 16630K [0x00000000a0000000, 0x0000000100000000)
  region size 1024K, 10 young (10240K), 10 survivors (10240K)
 Metaspace       used 18418K, capacity 18794K, committed 19072K, reserved 1067008K
  class space    used 2168K, capacity 2309K, committed 2432K, reserved 1048576K
}
Event: 7.246 GC heap before
{Heap before GC invocations=2 (full 0):
 garbage-first heap   total 131072K, used 35062K [0x00000000a0000000, 0x0000000100000000)
  region size 1024K, 29 young (29696K), 10 survivors (10240K)
 Metaspace       used 20702K, capacity 21170K, committed 21296K, reserved 1069056K
  class space    used 2489K, capacity 2658K, committed 2688K, reserved 1048576K
}
Event: 7.259 GC heap after
{Heap after GC invocations=3 (full 0):
 garbage-first heap   total 131072K, used 17421K [0x00000000a0000000, 0x0000000100000000)
  region size 1024K, 1 young (1024K), 1 survivors (1024K)
 Metaspace       used 20702K, capacity 21170K, committed 21296K, reserved 1069056K
  class space    used 2489K, capacity 2658K, committed 2688K, reserved 1048576K
}
Event: 8.743 GC heap before
{Heap before GC invocations=4 (full 0):
 garbage-first heap   total 131072K, used 63501K [0x00000000a0000000, 0x0000000100000000)
  region size 1024K, 47 young (48128K), 1 survivors (1024K)
 Metaspace       used 25407K, capacity 25912K, committed 26160K, reserved 1073152K
  class space    used 3249K, capacity 3453K, committed 3456K, reserved 1048576K
}
Event: 8.748 GC heap after
{Heap after GC invocations=5 (full 0):
 garbage-first heap   total 131072K, used 18955K [0x00000000a0000000, 0x0000000100000000)
  region size 1024K, 3 young (3072K), 3 survivors (3072K)
 Metaspace       used 25407K, capacity 25912K, committed 26160K, reserved 1073152K
  class space    used 3249K, capacity 3453K, committed 3456K, reserved 1048576K
}

